{"/Users/keerthana/Desktop/Live Polling/client/src/Api.tsx": {"path":"/Users/keerthana/Desktop/Live Polling/client/src/Api.tsx","statementMap":{"0":{"start":{"line":4,"column":15},"end":{"line":6,"column":null}},"1":{"start":{"line":15,"column":2},"end":{"line":29,"column":null}},"2":{"start":{"line":16,"column":4},"end":{"line":16,"column":null}},"3":{"start":{"line":18,"column":4},"end":{"line":27,"column":null}},"4":{"start":{"line":21,"column":19},"end":{"line":21,"column":null}},"5":{"start":{"line":24,"column":6},"end":{"line":24,"column":null}},"6":{"start":{"line":26,"column":6},"end":{"line":26,"column":null}},"7":{"start":{"line":28,"column":4},"end":{"line":28,"column":null}}},"fnMap":{"0":{"name":"useApi","decl":{"start":{"line":14,"column":30},"end":{"line":14,"column":37}},"loc":{"start":{"line":14,"column":73},"end":{"line":30,"column":null}},"line":14},"1":{"name":"(anonymous_1)","decl":{"start":{"line":20,"column":29},"end":{"line":20,"column":null}},"loc":{"start":{"line":21,"column":19},"end":{"line":21,"column":null}},"line":21}},"branchMap":{"0":{"loc":{"start":{"line":16,"column":39},"end":{"line":16,"column":61}},"type":"binary-expr","locations":[{"start":{"line":16,"column":39},"end":{"line":16,"column":52}},{"start":{"line":16,"column":52},"end":{"line":16,"column":61}}],"line":16},"1":{"loc":{"start":{"line":18,"column":4},"end":{"line":27,"column":null}},"type":"if","locations":[{"start":{"line":18,"column":4},"end":{"line":27,"column":null}},{"start":{},"end":{}}],"line":18},"2":{"loc":{"start":{"line":19,"column":6},"end":{"line":22,"column":null}},"type":"binary-expr","locations":[{"start":{"line":19,"column":6},"end":{"line":19,"column":null}},{"start":{"line":20,"column":6},"end":{"line":22,"column":null}}],"line":19},"3":{"loc":{"start":{"line":26,"column":41},"end":{"line":26,"column":63}},"type":"binary-expr","locations":[{"start":{"line":26,"column":41},"end":{"line":26,"column":54}},{"start":{"line":26,"column":54},"end":{"line":26,"column":63}}],"line":26}},"s":{"0":1,"1":0,"2":0,"3":0,"4":0,"5":0,"6":0,"7":0},"f":{"0":0,"1":0},"b":{"0":[0,0],"1":[0,0],"2":[0,0],"3":[0,0]},"meta":{"lastBranch":4,"lastFunction":2,"lastStatement":8,"seen":{"s:4:15:6:Infinity":0,"f:14:30:14:37":0,"s:15:2:29:Infinity":1,"s:16:4:16:Infinity":2,"b:16:39:16:52:16:52:16:61":0,"b:18:4:27:Infinity:undefined:undefined:undefined:undefined":1,"s:18:4:27:Infinity":3,"b:19:6:19:Infinity:20:6:22:Infinity":2,"f:20:29:20:Infinity":1,"s:21:19:21:Infinity":4,"s:24:6:24:Infinity":5,"s:26:6:26:Infinity":6,"b:26:41:26:54:26:54:26:63":3,"s:28:4:28:Infinity":7},"fnNames":{}}}
,"/Users/keerthana/Desktop/Live Polling/client/src/__tests__/Render.tsx": {"path":"/Users/keerthana/Desktop/Live Polling/client/src/__tests__/Render.tsx","statementMap":{"0":{"start":{"line":8,"column":22},"end":{"line":8,"column":null}},"1":{"start":{"line":9,"column":2},"end":{"line":15,"column":null}}},"fnMap":{"0":{"name":"withRenderComponenet","decl":{"start":{"line":7,"column":16},"end":{"line":7,"column":37}},"loc":{"start":{"line":7,"column":65},"end":{"line":16,"column":null}},"line":7}},"branchMap":{},"s":{"0":1,"1":1},"f":{"0":1},"b":{},"meta":{"lastBranch":0,"lastFunction":1,"lastStatement":2,"seen":{"f:7:16:7:37":0,"s:8:22:8:Infinity":0,"s:9:2:15:Infinity":1},"fnNames":{}}}
,"/Users/keerthana/Desktop/Live Polling/client/src/assets/login_img.png": {"path":"/Users/keerthana/Desktop/Live Polling/client/src/assets/login_img.png","statementMap":{},"fnMap":{},"branchMap":{},"s":{},"f":{},"b":{},"meta":{"lastBranch":0,"lastFunction":0,"lastStatement":0,"seen":{},"fnNames":{}}}
,"/Users/keerthana/Desktop/Live Polling/client/src/components/Register.tsx": {"path":"/Users/keerthana/Desktop/Live Polling/client/src/components/Register.tsx","statementMap":{"0":{"start":{"line":21,"column":34},"end":{"line":25,"column":null}},"1":{"start":{"line":26,"column":24},"end":{"line":30,"column":null}},"2":{"start":{"line":31,"column":32},"end":{"line":35,"column":null}},"3":{"start":{"line":36,"column":19},"end":{"line":36,"column":31}},"4":{"start":{"line":38,"column":4},"end":{"line":109,"column":null}},"5":{"start":{"line":39,"column":6},"end":{"line":42,"column":null}},"6":{"start":{"line":40,"column":8},"end":{"line":40,"column":null}},"7":{"start":{"line":40,"column":26},"end":{"line":40,"column":50}},"8":{"start":{"line":41,"column":8},"end":{"line":41,"column":null}},"9":{"start":{"line":41,"column":30},"end":{"line":41,"column":68}},"10":{"start":{"line":44,"column":6},"end":{"line":50,"column":null}},"11":{"start":{"line":45,"column":8},"end":{"line":45,"column":null}},"12":{"start":{"line":45,"column":26},"end":{"line":45,"column":51}},"13":{"start":{"line":46,"column":8},"end":{"line":46,"column":null}},"14":{"start":{"line":46,"column":30},"end":{"line":46,"column":70}},"15":{"start":{"line":48,"column":8},"end":{"line":48,"column":null}},"16":{"start":{"line":48,"column":26},"end":{"line":48,"column":52}},"17":{"start":{"line":49,"column":8},"end":{"line":49,"column":null}},"18":{"start":{"line":49,"column":30},"end":{"line":49,"column":53}},"19":{"start":{"line":52,"column":6},"end":{"line":91,"column":null}},"20":{"start":{"line":53,"column":8},"end":{"line":53,"column":null}},"21":{"start":{"line":53,"column":26},"end":{"line":53,"column":54}},"22":{"start":{"line":54,"column":8},"end":{"line":57,"column":null}},"23":{"start":{"line":54,"column":30},"end":{"line":57,"column":10}},"24":{"start":{"line":58,"column":13},"end":{"line":91,"column":null}},"25":{"start":{"line":59,"column":8},"end":{"line":59,"column":null}},"26":{"start":{"line":59,"column":26},"end":{"line":59,"column":54}},"27":{"start":{"line":60,"column":8},"end":{"line":63,"column":null}},"28":{"start":{"line":60,"column":30},"end":{"line":63,"column":10}},"29":{"start":{"line":64,"column":13},"end":{"line":91,"column":null}},"30":{"start":{"line":65,"column":8},"end":{"line":65,"column":null}},"31":{"start":{"line":65,"column":26},"end":{"line":65,"column":54}},"32":{"start":{"line":66,"column":8},"end":{"line":69,"column":null}},"33":{"start":{"line":66,"column":30},"end":{"line":69,"column":10}},"34":{"start":{"line":70,"column":13},"end":{"line":91,"column":null}},"35":{"start":{"line":71,"column":8},"end":{"line":71,"column":null}},"36":{"start":{"line":71,"column":26},"end":{"line":71,"column":54}},"37":{"start":{"line":72,"column":8},"end":{"line":75,"column":null}},"38":{"start":{"line":72,"column":30},"end":{"line":75,"column":10}},"39":{"start":{"line":76,"column":13},"end":{"line":91,"column":null}},"40":{"start":{"line":77,"column":8},"end":{"line":77,"column":null}},"41":{"start":{"line":77,"column":26},"end":{"line":77,"column":54}},"42":{"start":{"line":78,"column":8},"end":{"line":81,"column":null}},"43":{"start":{"line":78,"column":30},"end":{"line":81,"column":10}},"44":{"start":{"line":82,"column":13},"end":{"line":91,"column":null}},"45":{"start":{"line":83,"column":8},"end":{"line":83,"column":null}},"46":{"start":{"line":83,"column":26},"end":{"line":83,"column":54}},"47":{"start":{"line":84,"column":8},"end":{"line":87,"column":null}},"48":{"start":{"line":84,"column":30},"end":{"line":87,"column":10}},"49":{"start":{"line":89,"column":8},"end":{"line":89,"column":null}},"50":{"start":{"line":89,"column":26},"end":{"line":89,"column":55}},"51":{"start":{"line":90,"column":8},"end":{"line":90,"column":null}},"52":{"start":{"line":90,"column":30},"end":{"line":90,"column":56}},"53":{"start":{"line":92,"column":6},"end":{"line":106,"column":null}},"54":{"start":{"line":103,"column":8},"end":{"line":103,"column":null}},"55":{"start":{"line":105,"column":8},"end":{"line":105,"column":null}},"56":{"start":{"line":108,"column":6},"end":{"line":108,"column":null}},"57":{"start":{"line":113,"column":4},"end":{"line":120,"column":null}},"58":{"start":{"line":123,"column":29},"end":{"line":128,"column":null}},"59":{"start":{"line":126,"column":6},"end":{"line":126,"column":null}},"60":{"start":{"line":130,"column":2},"end":{"line":355,"column":null}},"61":{"start":{"line":274,"column":22},"end":{"line":274,"column":null}},"62":{"start":{"line":275,"column":22},"end":{"line":275,"column":null}},"63":{"start":{"line":276,"column":22},"end":{"line":276,"column":null}},"64":{"start":{"line":292,"column":22},"end":{"line":292,"column":null}},"65":{"start":{"line":293,"column":22},"end":{"line":293,"column":null}},"66":{"start":{"line":294,"column":22},"end":{"line":294,"column":null}},"67":{"start":{"line":310,"column":22},"end":{"line":310,"column":null}},"68":{"start":{"line":311,"column":22},"end":{"line":311,"column":null}},"69":{"start":{"line":312,"column":22},"end":{"line":312,"column":null}}},"fnMap":{"0":{"name":"Register","decl":{"start":{"line":20,"column":24},"end":{"line":20,"column":35}},"loc":{"start":{"line":20,"column":35},"end":{"line":357,"column":null}},"line":20},"1":{"name":"handleRegister","decl":{"start":{"line":37,"column":11},"end":{"line":37,"column":28}},"loc":{"start":{"line":37,"column":28},"end":{"line":110,"column":null}},"line":37},"2":{"name":"(anonymous_2)","decl":{"start":{"line":40,"column":8},"end":{"line":40,"column":16}},"loc":{"start":{"line":40,"column":26},"end":{"line":40,"column":50}},"line":40},"3":{"name":"(anonymous_3)","decl":{"start":{"line":41,"column":8},"end":{"line":41,"column":20}},"loc":{"start":{"line":41,"column":30},"end":{"line":41,"column":68}},"line":41},"4":{"name":"(anonymous_4)","decl":{"start":{"line":45,"column":8},"end":{"line":45,"column":16}},"loc":{"start":{"line":45,"column":26},"end":{"line":45,"column":51}},"line":45},"5":{"name":"(anonymous_5)","decl":{"start":{"line":46,"column":8},"end":{"line":46,"column":20}},"loc":{"start":{"line":46,"column":30},"end":{"line":46,"column":70}},"line":46},"6":{"name":"(anonymous_6)","decl":{"start":{"line":48,"column":8},"end":{"line":48,"column":16}},"loc":{"start":{"line":48,"column":26},"end":{"line":48,"column":52}},"line":48},"7":{"name":"(anonymous_7)","decl":{"start":{"line":49,"column":8},"end":{"line":49,"column":20}},"loc":{"start":{"line":49,"column":30},"end":{"line":49,"column":53}},"line":49},"8":{"name":"(anonymous_8)","decl":{"start":{"line":53,"column":8},"end":{"line":53,"column":16}},"loc":{"start":{"line":53,"column":26},"end":{"line":53,"column":54}},"line":53},"9":{"name":"(anonymous_9)","decl":{"start":{"line":54,"column":8},"end":{"line":54,"column":20}},"loc":{"start":{"line":54,"column":30},"end":{"line":57,"column":10}},"line":54},"10":{"name":"(anonymous_10)","decl":{"start":{"line":59,"column":8},"end":{"line":59,"column":16}},"loc":{"start":{"line":59,"column":26},"end":{"line":59,"column":54}},"line":59},"11":{"name":"(anonymous_11)","decl":{"start":{"line":60,"column":8},"end":{"line":60,"column":20}},"loc":{"start":{"line":60,"column":30},"end":{"line":63,"column":10}},"line":60},"12":{"name":"(anonymous_12)","decl":{"start":{"line":65,"column":8},"end":{"line":65,"column":16}},"loc":{"start":{"line":65,"column":26},"end":{"line":65,"column":54}},"line":65},"13":{"name":"(anonymous_13)","decl":{"start":{"line":66,"column":8},"end":{"line":66,"column":20}},"loc":{"start":{"line":66,"column":30},"end":{"line":69,"column":10}},"line":66},"14":{"name":"(anonymous_14)","decl":{"start":{"line":71,"column":8},"end":{"line":71,"column":16}},"loc":{"start":{"line":71,"column":26},"end":{"line":71,"column":54}},"line":71},"15":{"name":"(anonymous_15)","decl":{"start":{"line":72,"column":8},"end":{"line":72,"column":20}},"loc":{"start":{"line":72,"column":30},"end":{"line":75,"column":10}},"line":72},"16":{"name":"(anonymous_16)","decl":{"start":{"line":77,"column":8},"end":{"line":77,"column":16}},"loc":{"start":{"line":77,"column":26},"end":{"line":77,"column":54}},"line":77},"17":{"name":"(anonymous_17)","decl":{"start":{"line":78,"column":8},"end":{"line":78,"column":20}},"loc":{"start":{"line":78,"column":30},"end":{"line":81,"column":10}},"line":78},"18":{"name":"(anonymous_18)","decl":{"start":{"line":83,"column":8},"end":{"line":83,"column":16}},"loc":{"start":{"line":83,"column":26},"end":{"line":83,"column":54}},"line":83},"19":{"name":"(anonymous_19)","decl":{"start":{"line":84,"column":8},"end":{"line":84,"column":20}},"loc":{"start":{"line":84,"column":30},"end":{"line":87,"column":10}},"line":84},"20":{"name":"(anonymous_20)","decl":{"start":{"line":89,"column":8},"end":{"line":89,"column":16}},"loc":{"start":{"line":89,"column":26},"end":{"line":89,"column":55}},"line":89},"21":{"name":"(anonymous_21)","decl":{"start":{"line":90,"column":8},"end":{"line":90,"column":20}},"loc":{"start":{"line":90,"column":30},"end":{"line":90,"column":56}},"line":90},"22":{"name":"createRegister","decl":{"start":{"line":112,"column":17},"end":{"line":112,"column":34}},"loc":{"start":{"line":112,"column":34},"end":{"line":121,"column":null}},"line":112},"23":{"name":"(anonymous_23)","decl":{"start":{"line":125,"column":4},"end":{"line":125,"column":21}},"loc":{"start":{"line":125,"column":21},"end":{"line":127,"column":null}},"line":125},"24":{"name":"(anonymous_24)","decl":{"start":{"line":273,"column":20},"end":{"line":273,"column":31}},"loc":{"start":{"line":273,"column":37},"end":{"line":277,"column":null}},"line":273},"25":{"name":"(anonymous_25)","decl":{"start":{"line":291,"column":20},"end":{"line":291,"column":31}},"loc":{"start":{"line":291,"column":37},"end":{"line":295,"column":null}},"line":291},"26":{"name":"(anonymous_26)","decl":{"start":{"line":309,"column":20},"end":{"line":309,"column":31}},"loc":{"start":{"line":309,"column":37},"end":{"line":313,"column":null}},"line":309}},"branchMap":{"0":{"loc":{"start":{"line":39,"column":6},"end":{"line":42,"column":null}},"type":"if","locations":[{"start":{"line":39,"column":6},"end":{"line":42,"column":null}},{"start":{},"end":{}}],"line":39},"1":{"loc":{"start":{"line":44,"column":6},"end":{"line":50,"column":null}},"type":"if","locations":[{"start":{"line":44,"column":6},"end":{"line":50,"column":null}},{"start":{"line":47,"column":13},"end":{"line":50,"column":null}}],"line":44},"2":{"loc":{"start":{"line":52,"column":6},"end":{"line":91,"column":null}},"type":"if","locations":[{"start":{"line":52,"column":6},"end":{"line":91,"column":null}},{"start":{"line":58,"column":13},"end":{"line":91,"column":null}}],"line":52},"3":{"loc":{"start":{"line":58,"column":13},"end":{"line":91,"column":null}},"type":"if","locations":[{"start":{"line":58,"column":13},"end":{"line":91,"column":null}},{"start":{"line":64,"column":13},"end":{"line":91,"column":null}}],"line":58},"4":{"loc":{"start":{"line":64,"column":13},"end":{"line":91,"column":null}},"type":"if","locations":[{"start":{"line":64,"column":13},"end":{"line":91,"column":null}},{"start":{"line":70,"column":13},"end":{"line":91,"column":null}}],"line":64},"5":{"loc":{"start":{"line":70,"column":13},"end":{"line":91,"column":null}},"type":"if","locations":[{"start":{"line":70,"column":13},"end":{"line":91,"column":null}},{"start":{"line":76,"column":13},"end":{"line":91,"column":null}}],"line":70},"6":{"loc":{"start":{"line":76,"column":13},"end":{"line":91,"column":null}},"type":"if","locations":[{"start":{"line":76,"column":13},"end":{"line":91,"column":null}},{"start":{"line":82,"column":13},"end":{"line":91,"column":null}}],"line":76},"7":{"loc":{"start":{"line":82,"column":13},"end":{"line":91,"column":null}},"type":"if","locations":[{"start":{"line":82,"column":13},"end":{"line":91,"column":null}},{"start":{"line":88,"column":13},"end":{"line":91,"column":null}}],"line":82},"8":{"loc":{"start":{"line":92,"column":6},"end":{"line":106,"column":null}},"type":"if","locations":[{"start":{"line":92,"column":6},"end":{"line":106,"column":null}},{"start":{"line":104,"column":13},"end":{"line":106,"column":null}}],"line":92},"9":{"loc":{"start":{"line":93,"column":8},"end":{"line":101,"column":null}},"type":"binary-expr","locations":[{"start":{"line":93,"column":8},"end":{"line":93,"column":null}},{"start":{"line":94,"column":8},"end":{"line":94,"column":null}},{"start":{"line":95,"column":8},"end":{"line":95,"column":null}},{"start":{"line":96,"column":8},"end":{"line":96,"column":null}},{"start":{"line":97,"column":8},"end":{"line":97,"column":null}},{"start":{"line":98,"column":8},"end":{"line":98,"column":null}},{"start":{"line":99,"column":8},"end":{"line":99,"column":null}},{"start":{"line":100,"column":8},"end":{"line":100,"column":null}},{"start":{"line":101,"column":8},"end":{"line":101,"column":null}}],"line":93},"10":{"loc":{"start":{"line":267,"column":24},"end":{"line":267,"column":null}},"type":"cond-expr","locations":[{"start":{"line":267,"column":35},"end":{"line":267,"column":54}},{"start":{"line":267,"column":54},"end":{"line":267,"column":null}}],"line":267},"11":{"loc":{"start":{"line":285,"column":24},"end":{"line":285,"column":null}},"type":"cond-expr","locations":[{"start":{"line":285,"column":36},"end":{"line":285,"column":55}},{"start":{"line":285,"column":55},"end":{"line":285,"column":null}}],"line":285},"12":{"loc":{"start":{"line":303,"column":24},"end":{"line":303,"column":null}},"type":"cond-expr","locations":[{"start":{"line":303,"column":39},"end":{"line":303,"column":58}},{"start":{"line":303,"column":58},"end":{"line":303,"column":null}}],"line":303}},"s":{"0":1,"1":1,"2":1,"3":1,"4":0,"5":0,"6":0,"7":0,"8":0,"9":0,"10":0,"11":0,"12":0,"13":0,"14":0,"15":0,"16":0,"17":0,"18":0,"19":0,"20":0,"21":0,"22":0,"23":0,"24":0,"25":0,"26":0,"27":0,"28":0,"29":0,"30":0,"31":0,"32":0,"33":0,"34":0,"35":0,"36":0,"37":0,"38":0,"39":0,"40":0,"41":0,"42":0,"43":0,"44":0,"45":0,"46":0,"47":0,"48":0,"49":0,"50":0,"51":0,"52":0,"53":0,"54":0,"55":0,"56":0,"57":0,"58":1,"59":0,"60":1,"61":0,"62":0,"63":0,"64":0,"65":0,"66":0,"67":0,"68":0,"69":0},"f":{"0":1,"1":0,"2":0,"3":0,"4":0,"5":0,"6":0,"7":0,"8":0,"9":0,"10":0,"11":0,"12":0,"13":0,"14":0,"15":0,"16":0,"17":0,"18":0,"19":0,"20":0,"21":0,"22":0,"23":0,"24":0,"25":0,"26":0},"b":{"0":[0,0],"1":[0,0],"2":[0,0],"3":[0,0],"4":[0,0],"5":[0,0],"6":[0,0],"7":[0,0],"8":[0,0],"9":[0,0,0,0,0,0,0,0,0],"10":[0,1],"11":[0,1],"12":[0,1]},"meta":{"lastBranch":13,"lastFunction":27,"lastStatement":70,"seen":{"f:20:24:20:35":0,"s:21:34:25:Infinity":0,"s:26:24:30:Infinity":1,"s:31:32:35:Infinity":2,"s:36:19:36:31":3,"f:37:11:37:28":1,"s:38:4:109:Infinity":4,"b:39:6:42:Infinity:undefined:undefined:undefined:undefined":0,"s:39:6:42:Infinity":5,"s:40:8:40:Infinity":6,"f:40:8:40:16":2,"s:40:26:40:50":7,"s:41:8:41:Infinity":8,"f:41:8:41:20":3,"s:41:30:41:68":9,"b:44:6:50:Infinity:47:13:50:Infinity":1,"s:44:6:50:Infinity":10,"s:45:8:45:Infinity":11,"f:45:8:45:16":4,"s:45:26:45:51":12,"s:46:8:46:Infinity":13,"f:46:8:46:20":5,"s:46:30:46:70":14,"s:48:8:48:Infinity":15,"f:48:8:48:16":6,"s:48:26:48:52":16,"s:49:8:49:Infinity":17,"f:49:8:49:20":7,"s:49:30:49:53":18,"b:52:6:91:Infinity:58:13:91:Infinity":2,"s:52:6:91:Infinity":19,"s:53:8:53:Infinity":20,"f:53:8:53:16":8,"s:53:26:53:54":21,"s:54:8:57:Infinity":22,"f:54:8:54:20":9,"s:54:30:57:10":23,"b:58:13:91:Infinity:64:13:91:Infinity":3,"s:58:13:91:Infinity":24,"s:59:8:59:Infinity":25,"f:59:8:59:16":10,"s:59:26:59:54":26,"s:60:8:63:Infinity":27,"f:60:8:60:20":11,"s:60:30:63:10":28,"b:64:13:91:Infinity:70:13:91:Infinity":4,"s:64:13:91:Infinity":29,"s:65:8:65:Infinity":30,"f:65:8:65:16":12,"s:65:26:65:54":31,"s:66:8:69:Infinity":32,"f:66:8:66:20":13,"s:66:30:69:10":33,"b:70:13:91:Infinity:76:13:91:Infinity":5,"s:70:13:91:Infinity":34,"s:71:8:71:Infinity":35,"f:71:8:71:16":14,"s:71:26:71:54":36,"s:72:8:75:Infinity":37,"f:72:8:72:20":15,"s:72:30:75:10":38,"b:76:13:91:Infinity:82:13:91:Infinity":6,"s:76:13:91:Infinity":39,"s:77:8:77:Infinity":40,"f:77:8:77:16":16,"s:77:26:77:54":41,"s:78:8:81:Infinity":42,"f:78:8:78:20":17,"s:78:30:81:10":43,"b:82:13:91:Infinity:88:13:91:Infinity":7,"s:82:13:91:Infinity":44,"s:83:8:83:Infinity":45,"f:83:8:83:16":18,"s:83:26:83:54":46,"s:84:8:87:Infinity":47,"f:84:8:84:20":19,"s:84:30:87:10":48,"s:89:8:89:Infinity":49,"f:89:8:89:16":20,"s:89:26:89:55":50,"s:90:8:90:Infinity":51,"f:90:8:90:20":21,"s:90:30:90:56":52,"b:92:6:106:Infinity:104:13:106:Infinity":8,"s:92:6:106:Infinity":53,"b:93:8:93:Infinity:94:8:94:Infinity:95:8:95:Infinity:96:8:96:Infinity:97:8:97:Infinity:98:8:98:Infinity:99:8:99:Infinity:100:8:100:Infinity:101:8:101:Infinity":9,"s:103:8:103:Infinity":54,"s:105:8:105:Infinity":55,"s:108:6:108:Infinity":56,"f:112:17:112:34":22,"s:113:4:120:Infinity":57,"s:123:29:128:Infinity":58,"f:125:4:125:21":23,"s:126:6:126:Infinity":59,"s:130:2:355:Infinity":60,"b:267:35:267:54:267:54:267:Infinity":10,"f:273:20:273:31":24,"s:274:22:274:Infinity":61,"s:275:22:275:Infinity":62,"s:276:22:276:Infinity":63,"b:285:36:285:55:285:55:285:Infinity":11,"f:291:20:291:31":25,"s:292:22:292:Infinity":64,"s:293:22:293:Infinity":65,"s:294:22:294:Infinity":66,"b:303:39:303:58:303:58:303:Infinity":12,"f:309:20:309:31":26,"s:310:22:310:Infinity":67,"s:311:22:311:Infinity":68,"s:312:22:312:Infinity":69},"fnNames":{}}}
,"/Users/keerthana/Desktop/Live Polling/client/src/graphql/Mutation/REFRESH_ACCESS_TOKEN.ts": {"path":"/Users/keerthana/Desktop/Live Polling/client/src/graphql/Mutation/REFRESH_ACCESS_TOKEN.ts","statementMap":{"0":{"start":{"line":1,"column":36},"end":{"line":1,"column":null}}},"fnMap":{},"branchMap":{},"s":{"0":1},"f":{},"b":{},"meta":{"lastBranch":0,"lastFunction":0,"lastStatement":1,"seen":{"s:1:36:1:Infinity":0},"fnNames":{}}}
,"/Users/keerthana/Desktop/Live Polling/client/src/graphql/Mutation/USER_REGISTER.ts": {"path":"/Users/keerthana/Desktop/Live Polling/client/src/graphql/Mutation/USER_REGISTER.ts","statementMap":{"0":{"start":{"line":2,"column":29},"end":{"line":2,"column":null}}},"fnMap":{},"branchMap":{},"s":{"0":1},"f":{},"b":{},"meta":{"lastBranch":0,"lastFunction":0,"lastStatement":1,"seen":{"s:2:29:2:Infinity":0},"fnNames":{}}}
,"/Users/keerthana/Desktop/Live Polling/client/src/redux/LoginSlice.ts": {"path":"/Users/keerthana/Desktop/Live Polling/client/src/redux/LoginSlice.ts","statementMap":{"0":{"start":{"line":8,"column":33},"end":{"line":10,"column":null}},"1":{"start":{"line":12,"column":19},"end":{"line":20,"column":null}},"2":{"start":{"line":17,"column":6},"end":{"line":17,"column":null}},"3":{"start":{"line":22,"column":27},"end":{"line":22,"column":null}}},"fnMap":{"0":{"name":"(anonymous_0)","decl":{"start":{"line":16,"column":4},"end":{"line":16,"column":14}},"loc":{"start":{"line":16,"column":32},"end":{"line":18,"column":null}},"line":16}},"branchMap":{},"s":{"0":1,"1":1,"2":0,"3":1},"f":{"0":0},"b":{},"meta":{"lastBranch":0,"lastFunction":1,"lastStatement":4,"seen":{"s:8:33:10:Infinity":0,"s:12:19:20:Infinity":1,"f:16:4:16:14":0,"s:17:6:17:Infinity":2,"s:22:27:22:Infinity":3},"fnNames":{}}}
,"/Users/keerthana/Desktop/Live Polling/client/src/redux/Store.ts": {"path":"/Users/keerthana/Desktop/Live Polling/client/src/redux/Store.ts","statementMap":{"0":{"start":{"line":4,"column":21},"end":{"line":8,"column":null}}},"fnMap":{},"branchMap":{},"s":{"0":1},"f":{},"b":{},"meta":{"lastBranch":0,"lastFunction":0,"lastStatement":1,"seen":{"s:4:21:8:Infinity":0},"fnNames":{}}}
}
